<?xml version="1.0" encoding="UTF-8"?>
<robot generator="Robot 6.1.1 (Python 3.11.1 on win32)" generated="20240209 07:52:15.812" rpa="false" schemaversion="4">
<suite id="s1" name="Valid Login Excel Suite" source="C:\Users\ASATEESH\PycharmProjects\HealthRecord_Robot\test\1__login_suite\valid_login_excel_suite.robot">
<test id="s1-t1" name="Test Valid Login 1" line="12">
<kw name="Launch browser and navigate to URL" library="CommonFunctionality" type="SETUP">
<kw name="Open Browser" library="SeleniumLibrary">
<arg>browser=${BROWSER}</arg>
<doc>Opens a new browser instance to the optional ``url``.</doc>
<msg timestamp="20240209 07:52:16.244" level="INFO">Opening browser 'googlechrome' to base url 'None'.</msg>
<status status="PASS" starttime="20240209 07:52:16.243" endtime="20240209 07:52:20.342"/>
</kw>
<kw name="Maximize Browser Window" library="SeleniumLibrary">
<doc>Maximizes current browser window.</doc>
<status status="PASS" starttime="20240209 07:52:20.342" endtime="20240209 07:52:20.458"/>
</kw>
<kw name="Set Browser Implicit Wait" library="SeleniumLibrary">
<arg>10s</arg>
<doc>Sets the implicit wait value used by Selenium.</doc>
<status status="PASS" starttime="20240209 07:52:20.458" endtime="20240209 07:52:20.459"/>
</kw>
<kw name="Go To" library="SeleniumLibrary">
<arg>url=${URL}</arg>
<doc>Navigates the current browser window to the provided ``url``.</doc>
<msg timestamp="20240209 07:52:20.459" level="INFO">Opening url 'http://demo.openemr.io/b/openemr/'</msg>
<status status="PASS" starttime="20240209 07:52:20.459" endtime="20240209 07:52:25.228"/>
</kw>
<status status="PASS" starttime="20240209 07:52:16.242" endtime="20240209 07:52:25.228"/>
</kw>
<kw name="Test Template for Valid Login">
<arg>accountant</arg>
<arg>accountant</arg>
<arg>Danish</arg>
<arg>OpenEMR</arg>
<kw name="Input Text" library="SeleniumLibrary">
<arg>id=authUser</arg>
<arg>${username}</arg>
<doc>Types the given ``text`` into the text field identified by ``locator``.</doc>
<msg timestamp="20240209 07:52:25.229" level="INFO">Typing text 'accountant' into text field 'id=authUser'.</msg>
<status status="PASS" starttime="20240209 07:52:25.229" endtime="20240209 07:52:25.302"/>
</kw>
<kw name="Input Password" library="SeleniumLibrary">
<arg>id=clearPass</arg>
<arg>${password}</arg>
<doc>Types the given password into the text field identified by ``locator``.</doc>
<msg timestamp="20240209 07:52:25.303" level="INFO">Typing password into text field 'id=clearPass'.</msg>
<msg timestamp="20240209 07:52:25.325" level="INFO">Temporally setting log level to: NONE</msg>
<msg timestamp="20240209 07:52:25.360" level="INFO">Log level changed from NONE to INFO.</msg>
<status status="PASS" starttime="20240209 07:52:25.303" endtime="20240209 07:52:25.360"/>
</kw>
<kw name="Select From List By Label" library="SeleniumLibrary">
<arg>xpath=//select[@name='languageChoice']</arg>
<arg>${language}</arg>
<doc>Selects options from selection list ``locator`` by ``labels``.</doc>
<msg timestamp="20240209 07:52:25.361" level="INFO">Selecting options from selection list 'xpath=//select[@name='languageChoice']' by label Danish.</msg>
<status status="PASS" starttime="20240209 07:52:25.360" endtime="20240209 07:52:25.408"/>
</kw>
<kw name="Click Element" library="SeleniumLibrary">
<arg>id=login-button</arg>
<doc>Click the element identified by ``locator``.</doc>
<msg timestamp="20240209 07:52:25.409" level="INFO">Clicking element 'id=login-button'.</msg>
<status status="PASS" starttime="20240209 07:52:25.408" endtime="20240209 07:52:31.628"/>
</kw>
<kw name="Title Should Be" library="SeleniumLibrary">
<arg>${expected_title}</arg>
<doc>Verifies that the current page title equals ``title``.</doc>
<msg timestamp="20240209 07:52:31.640" level="INFO">Page title is 'OpenEMR'.</msg>
<status status="PASS" starttime="20240209 07:52:31.628" endtime="20240209 07:52:31.640"/>
</kw>
<status status="PASS" starttime="20240209 07:52:25.228" endtime="20240209 07:52:31.640"/>
</kw>
<kw name="Close Browser" library="SeleniumLibrary" type="TEARDOWN">
<doc>Closes the current browser.</doc>
<status status="PASS" starttime="20240209 07:52:31.641" endtime="20240209 07:52:33.838"/>
</kw>
<status status="PASS" starttime="20240209 07:52:16.241" endtime="20240209 07:52:33.840"/>
</test>
<test id="s1-t2" name="Test Valid Login 2" line="12">
<kw name="Launch browser and navigate to URL" library="CommonFunctionality" type="SETUP">
<kw name="Open Browser" library="SeleniumLibrary">
<arg>browser=${BROWSER}</arg>
<doc>Opens a new browser instance to the optional ``url``.</doc>
<msg timestamp="20240209 07:52:33.845" level="INFO">Opening browser 'googlechrome' to base url 'None'.</msg>
<status status="PASS" starttime="20240209 07:52:33.845" endtime="20240209 07:52:37.412"/>
</kw>
<kw name="Maximize Browser Window" library="SeleniumLibrary">
<doc>Maximizes current browser window.</doc>
<status status="PASS" starttime="20240209 07:52:37.412" endtime="20240209 07:52:37.547"/>
</kw>
<kw name="Set Browser Implicit Wait" library="SeleniumLibrary">
<arg>10s</arg>
<doc>Sets the implicit wait value used by Selenium.</doc>
<status status="PASS" starttime="20240209 07:52:37.547" endtime="20240209 07:52:37.548"/>
</kw>
<kw name="Go To" library="SeleniumLibrary">
<arg>url=${URL}</arg>
<doc>Navigates the current browser window to the provided ``url``.</doc>
<msg timestamp="20240209 07:52:37.548" level="INFO">Opening url 'http://demo.openemr.io/b/openemr/'</msg>
<status status="PASS" starttime="20240209 07:52:37.548" endtime="20240209 07:52:42.666"/>
</kw>
<status status="PASS" starttime="20240209 07:52:33.844" endtime="20240209 07:52:42.666"/>
</kw>
<kw name="Test Template for Valid Login">
<arg>receptionist</arg>
<arg>receptionist</arg>
<arg>Dutch</arg>
<arg>OpenEMR</arg>
<kw name="Input Text" library="SeleniumLibrary">
<arg>id=authUser</arg>
<arg>${username}</arg>
<doc>Types the given ``text`` into the text field identified by ``locator``.</doc>
<msg timestamp="20240209 07:52:42.667" level="INFO">Typing text 'receptionist' into text field 'id=authUser'.</msg>
<status status="PASS" starttime="20240209 07:52:42.667" endtime="20240209 07:52:42.735"/>
</kw>
<kw name="Input Password" library="SeleniumLibrary">
<arg>id=clearPass</arg>
<arg>${password}</arg>
<doc>Types the given password into the text field identified by ``locator``.</doc>
<msg timestamp="20240209 07:52:42.735" level="INFO">Typing password into text field 'id=clearPass'.</msg>
<msg timestamp="20240209 07:52:42.755" level="INFO">Temporally setting log level to: NONE</msg>
<msg timestamp="20240209 07:52:42.791" level="INFO">Log level changed from NONE to INFO.</msg>
<status status="PASS" starttime="20240209 07:52:42.735" endtime="20240209 07:52:42.791"/>
</kw>
<kw name="Select From List By Label" library="SeleniumLibrary">
<arg>xpath=//select[@name='languageChoice']</arg>
<arg>${language}</arg>
<doc>Selects options from selection list ``locator`` by ``labels``.</doc>
<msg timestamp="20240209 07:52:42.791" level="INFO">Selecting options from selection list 'xpath=//select[@name='languageChoice']' by label Dutch.</msg>
<status status="PASS" starttime="20240209 07:52:42.791" endtime="20240209 07:52:42.847"/>
</kw>
<kw name="Click Element" library="SeleniumLibrary">
<arg>id=login-button</arg>
<doc>Click the element identified by ``locator``.</doc>
<msg timestamp="20240209 07:52:42.848" level="INFO">Clicking element 'id=login-button'.</msg>
<status status="PASS" starttime="20240209 07:52:42.847" endtime="20240209 07:52:51.525"/>
</kw>
<kw name="Title Should Be" library="SeleniumLibrary">
<arg>${expected_title}</arg>
<doc>Verifies that the current page title equals ``title``.</doc>
<msg timestamp="20240209 07:52:51.538" level="INFO">Page title is 'OpenEMR'.</msg>
<status status="PASS" starttime="20240209 07:52:51.525" endtime="20240209 07:52:51.538"/>
</kw>
<status status="PASS" starttime="20240209 07:52:42.666" endtime="20240209 07:52:51.538"/>
</kw>
<kw name="Close Browser" library="SeleniumLibrary" type="TEARDOWN">
<doc>Closes the current browser.</doc>
<status status="PASS" starttime="20240209 07:52:51.539" endtime="20240209 07:52:53.769"/>
</kw>
<status status="PASS" starttime="20240209 07:52:33.842" endtime="20240209 07:52:53.770"/>
</test>
<doc>This doc contains test suite for valid login (push code to GIT)</doc>
<status status="PASS" starttime="20240209 07:52:15.813" endtime="20240209 07:52:53.773"/>
</suite>
<statistics>
<total>
<stat pass="2" fail="0" skip="0">All Tests</stat>
</total>
<tag>
</tag>
<suite>
<stat pass="2" fail="0" skip="0" id="s1" name="Valid Login Excel Suite">Valid Login Excel Suite</stat>
</suite>
</statistics>
<errors>
</errors>
</robot>
